<?xml version="1.0" encoding="UTF-8"?>
<!-- Generated by org.testng.reporters.JUnitXMLReporter -->
<testsuite ignored="0" hostname="IMRAN-PC" failures="0" tests="1" name="Test" time="28.603" errors="0" timestamp="2025-06-30T15:37:41 IST">
  <testcase classname="utilities.BaseClass" name="@BeforeClass driverConfigs" time="28.396">
    <failure type="java.lang.NullPointerException" message="Cannot invoke &amp;quot;org.openqa.selenium.WebDriver.manage()&amp;quot; because &amp;quot;utilities.BaseClass.driver&amp;quot; is null">
      <![CDATA[java.lang.NullPointerException: Cannot invoke "org.openqa.selenium.WebDriver.manage()" because "utilities.BaseClass.driver" is null
at utilities.BaseClass.driverConfigs(BaseClass.java:28)
at java.base/java.util.ArrayList.forEach(ArrayList.java:1511)
... Removed 25 stack frames]]>
    </failure>
  </testcase> <!-- @BeforeClass driverConfigs -->
  <testcase classname="utilities.BaseClass" name="@AfterClass closeDriver" time="-1.751278061217E9">
    <skipped/>
  </testcase> <!-- @AfterClass closeDriver -->
  <testcase classname="testcases.Test1" name="testMethod" time="0.0">
    <skipped/>
  </testcase> <!-- testMethod -->
</testsuite> <!-- Test -->
